#-----------------------------------------------------------
# Vivado v2018.1 (64-bit)
# SW Build 2188600 on Wed Apr  4 18:40:38 MDT 2018
# IP Build 2185939 on Wed Apr  4 20:55:05 MDT 2018
# Start of session at: Tue May 13 15:13:48 2025
# Process ID: 10236
# Current directory: D:/Lab/NanoProcessor_1/NanoProcessor
# Command line: vivado.exe -gui_launcher_event rodinguilauncherevent12088 D:\Lab\NanoProcessor_1\NanoProcessor\nanoProcessor.xpr
# Log file: D:/Lab/NanoProcessor_1/NanoProcessor/vivado.log
# Journal file: D:/Lab/NanoProcessor_1/NanoProcessor\vivado.jou
#-----------------------------------------------------------
start_gui
open_project D:/Lab/NanoProcessor_1/NanoProcessor/nanoProcessor.xpr
INFO: [Project 1-313] Project file moved from 'D:/Github repository/NanoProcessor' since last save.
Scanning sources...
Finished scanning sources
INFO: [IP_Flow 19-234] Refreshing IP repositories
INFO: [IP_Flow 19-1704] No user IP repositories specified
INFO: [IP_Flow 19-2313] Loaded Vivado IP repository 'D:/softwares/Vivado/2018.1/data/ip'.
open_project: Time (s): cpu = 00:00:09 ; elapsed = 00:00:08 . Memory (MB): peak = 889.535 ; gain = 148.922
update_compile_order -fileset sources_1
exit
INFO: [Common 17-206] Exiting Vivado at Tue May 13 15:44:18 2025...
