INFO: [VRFC 10-163] Analyzing VHDL file "D:/Github repository/NanoProcessor/nanoProcessor.srcs/sources_Components/imports/new/Decoder_2_to_4.vhd" into library xil_defaultlib
INFO: [VRFC 10-307] analyzing entity Decoder_2_to_4
INFO: [VRFC 10-163] Analyzing VHDL file "D:/Github repository/NanoProcessor/nanoProcessor.srcs/sources_Components/imports/new/Decoder_3_to_8.vhd" into library xil_defaultlib
INFO: [VRFC 10-307] analyzing entity Decoder_3_to_8
INFO: [VRFC 10-163] Analyzing VHDL file "D:/Github repository/NanoProcessor/nanoProcessor.srcs/sources_Components/imports/new/FA.vhd" into library xil_defaultlib
INFO: [VRFC 10-307] analyzing entity FA
INFO: [VRFC 10-163] Analyzing VHDL file "D:/Github repository/NanoProcessor/nanoProcessor.srcs/sources_Components/imports/new/HA.vhd" into library xil_defaultlib
INFO: [VRFC 10-307] analyzing entity HA
INFO: [VRFC 10-163] Analyzing VHDL file "D:/Github repository/NanoProcessor/nanoProcessor.srcs/sources_1/new/Instruction_Decoder.vhd" into library xil_defaultlib
INFO: [VRFC 10-307] analyzing entity Instruction_Decoder
INFO: [VRFC 10-163] Analyzing VHDL file "D:/Github repository/NanoProcessor/nanoProcessor.srcs/sources_1/new/LUT _11_7.vhd" into library xil_defaultlib
INFO: [VRFC 10-307] analyzing entity LUT_11_7
INFO: [VRFC 10-163] Analyzing VHDL file "D:/Github repository/NanoProcessor/nanoProcessor.srcs/sources_1/new/Mux_2_to_3.vhd" into library xil_defaultlib
INFO: [VRFC 10-307] analyzing entity Mux_2_to_3
INFO: [VRFC 10-163] Analyzing VHDL file "D:/Github repository/NanoProcessor/nanoProcessor.srcs/sources_1/new/Mux_2_to_4.vhd" into library xil_defaultlib
INFO: [VRFC 10-307] analyzing entity Mux_2_to_4
INFO: [VRFC 10-163] Analyzing VHDL file "D:/Github repository/NanoProcessor/nanoProcessor.srcs/sources_1/new/Mux_8_to_4.vhd" into library xil_defaultlib
INFO: [VRFC 10-307] analyzing entity Mux_8_to_4
INFO: [VRFC 10-163] Analyzing VHDL file "D:/Github repository/NanoProcessor/nanoProcessor.srcs/sources_Components/imports/new/Reg_types.vhd" into library xil_defaultlib
INFO: [VRFC 10-163] Analyzing VHDL file "D:/Github repository/NanoProcessor/nanoProcessor.srcs/sources_1/new/NanoProcessor.vhd" into library xil_defaultlib
INFO: [VRFC 10-307] analyzing entity NanoProcessor
INFO: [VRFC 10-163] Analyzing VHDL file "D:/Github repository/NanoProcessor/nanoProcessor.srcs/sources_1/new/ProgramCounter.vhd" into library xil_defaultlib
INFO: [VRFC 10-307] analyzing entity ProgramCounter
INFO: [VRFC 10-163] Analyzing VHDL file "D:/Github repository/NanoProcessor/nanoProcessor.srcs/sources_1/new/Program_ROM.vhd" into library xil_defaultlib
INFO: [VRFC 10-307] analyzing entity Program_ROM
INFO: [VRFC 10-163] Analyzing VHDL file "D:/Github repository/NanoProcessor/nanoProcessor.srcs/sources_Components/imports/new/Reg.vhd" into library xil_defaultlib
INFO: [VRFC 10-307] analyzing entity Reg
INFO: [VRFC 10-163] Analyzing VHDL file "D:/Github repository/NanoProcessor/nanoProcessor.srcs/sources_1/new/Register_Bank.vhd" into library xil_defaultlib
INFO: [VRFC 10-307] analyzing entity Register_Bank
INFO: [VRFC 10-163] Analyzing VHDL file "D:/Github repository/NanoProcessor/nanoProcessor.srcs/sources_1/new/bit3_Adder.vhd" into library xil_defaultlib
INFO: [VRFC 10-307] analyzing entity bit3_Adder
INFO: [VRFC 10-163] Analyzing VHDL file "D:/Github repository/NanoProcessor/nanoProcessor.srcs/sources_1/new/bit4_Add_Sub_Unit.vhd" into library xil_defaultlib
INFO: [VRFC 10-307] analyzing entity bit4_Add_Sub_Unit
INFO: [VRFC 10-163] Analyzing VHDL file "D:/Github repository/NanoProcessor/nanoProcessor.srcs/sim_1/new/TB_Nano_Processor.vhd" into library xil_defaultlib
INFO: [VRFC 10-307] analyzing entity TB_Nano_Processor
