Copyright 1986-2018 Xilinx, Inc. All Rights Reserved.
------------------------------------------------------------------------------------------
| Tool Version : Vivado v.2018.1 (win64) Build 2188600 Wed Apr  4 18:40:38 MDT 2018
| Date         : Thu May 15 01:04:40 2025
| Host         : NadeeshaNJ running 64-bit major release  (build 9200)
| Command      : report_control_sets -verbose -file NanoProcessor_control_sets_placed.rpt
| Design       : NanoProcessor
| Device       : xc7a35t
------------------------------------------------------------------------------------------

Control Set Information

Table of Contents
-----------------
1. Summary
2. Histogram
3. Flip-Flop Distribution
4. Detailed Control Set Information

1. Summary
----------

+----------------------------------------------------------+-------+
|                          Status                          | Count |
+----------------------------------------------------------+-------+
| Number of unique control sets                            |     8 |
| Unused register locations in slices containing registers |    24 |
+----------------------------------------------------------+-------+


2. Histogram
------------

+--------+--------------+
| Fanout | Control Sets |
+--------+--------------+
|      3 |            1 |
|      4 |            4 |
|      6 |            1 |
|      8 |            1 |
|    16+ |            1 |
+--------+--------------+


3. Flip-Flop Distribution
-------------------------

+--------------+-----------------------+------------------------+-----------------+--------------+
| Clock Enable | Synchronous Set/Reset | Asynchronous Set/Reset | Total Registers | Total Slices |
+--------------+-----------------------+------------------------+-----------------+--------------+
| No           | No                    | No                     |               9 |            4 |
| No           | No                    | Yes                    |               0 |            0 |
| No           | Yes                   | No                     |              31 |            8 |
| Yes          | No                    | No                     |              24 |           13 |
| Yes          | No                    | Yes                    |               0 |            0 |
| Yes          | Yes                   | No                     |               0 |            0 |
+--------------+-----------------------+------------------------+-----------------+--------------+


4. Detailed Control Set Information
-----------------------------------

+-----------------+--------------------------------+------------------------------+------------------+----------------+
|   Clock Signal  |          Enable Signal         |       Set/Reset Signal       | Slice Load Count | Bel Load Count |
+-----------------+--------------------------------+------------------------------+------------------+----------------+
|  Slow_Clk_0/CLK |                                |                              |                2 |              3 |
|  Slow_Clk_0/CLK | ProgramCounter_0/Reg_EN_out[1] |                              |                2 |              4 |
|  Slow_Clk_0/CLK | ProgramCounter_0/Reg_EN_out[0] |                              |                2 |              4 |
|  Slow_Clk_0/CLK | ProgramCounter_0/Reg_EN_out[2] |                              |                2 |              4 |
|  Slow_Clk_0/CLK | ProgramCounter_0/Reg_EN_out[3] |                              |                2 |              4 |
|  Clk_IBUF_BUFG  |                                |                              |                2 |              6 |
|  Slow_Clk_0/CLK | ProgramCounter_0/Reg_EN_out[4] |                              |                5 |              8 |
|  Clk_IBUF_BUFG  |                                | LUT_11_7_0/count[31]_i_1_n_0 |                8 |             31 |
+-----------------+--------------------------------+------------------------------+------------------+----------------+


